{"version":8,"type":"context-options","origin":"library","browserName":"","playwrightVersion":"1.58.0","options":{},"platform":"linux","wallTime":1769671411585,"monotonicTime":25878.664,"sdkLanguage":"javascript","contextId":"request-context@dfccc709ebcb37507ff90c2d766e7b0a","title":"cross-service.spec.ts:10 › Complete User Journey - Browse to Checkout (FR004, FR007, FR008) › customer can browse products and add to cart"}
{"type":"before","callId":"call@21","startTime":26346.066,"class":"APIRequestContext","method":"fetch","params":{"url":"https://shop.kunlecreates.org/api/product","method":"POST","jsonData":"{\"title\":\"Playwright Test Product\",\"description\":\"Seeded by Playwright E2E for deterministic test\",\"price\":1.23,\"sku\":\"pw-1769671412049\",\"stock\":10}","timeout":0},"stepId":"pw:api@42"}
{"type":"log","callId":"call@21","time":26364.361,"message":"→ POST https://shop.kunlecreates.org/api/product"}
{"type":"log","callId":"call@21","time":26364.416,"message":"  user-agent: Mozilla/5.0 (Windows NT 10.0; Win64; x64) AppleWebKit/537.36 (KHTML, like Gecko) Chrome/145.0.7632.6 Safari/537.36"}
{"type":"log","callId":"call@21","time":26364.444,"message":"  accept: */*"}
{"type":"log","callId":"call@21","time":26364.462,"message":"  accept-encoding: gzip,deflate,br"}
{"type":"log","callId":"call@21","time":26364.487,"message":"  CF-Access-Client-Id: 8784e7b62a50d835dfa349a367af7291.access"}
{"type":"log","callId":"call@21","time":26364.534,"message":"  CF-Access-Client-Secret: 716cd3e7824b11f993da3b3ab7afdbdbec7666602afb10a64460df30160a73df"}
{"type":"log","callId":"call@21","time":26364.556,"message":"  content-type: application/json"}
{"type":"log","callId":"call@21","time":26364.57,"message":"  content-length: 148"}
{"type":"log","callId":"call@21","time":26511.161,"message":"← 502 Bad Gateway"}
{"type":"log","callId":"call@21","time":26511.192,"message":"  date: Thu, 29 Jan 2026 07:23:32 GMT"}
{"type":"log","callId":"call@21","time":26511.204,"message":"  content-type: text/html; charset=UTF-8"}
{"type":"log","callId":"call@21","time":26511.215,"message":"  content-length: 6442"}
{"type":"log","callId":"call@21","time":26511.225,"message":"  connection: keep-alive"}
{"type":"log","callId":"call@21","time":26511.234,"message":"  cache-control: private, max-age=0, no-store, no-cache, must-revalidate, post-check=0, pre-check=0"}
{"type":"log","callId":"call@21","time":26511.244,"message":"  expires: Thu, 01 Jan 1970 00:00:01 GMT"}
{"type":"log","callId":"call@21","time":26511.254,"message":"  referrer-policy: same-origin"}
{"type":"log","callId":"call@21","time":26511.263,"message":"  x-frame-options: SAMEORIGIN"}
{"type":"log","callId":"call@21","time":26511.273,"message":"  server: cloudflare"}
{"type":"log","callId":"call@21","time":26511.282,"message":"  cf-ray: 9c56fc15ff6bbf08-YYC"}
{"type":"log","callId":"call@21","time":26511.291,"message":"  alt-svc: h3=\":443\"; ma=86400"}
{"type":"after","callId":"call@21","endTime":26514.09,"result":{"response":{"url":"https://shop.kunlecreates.org/api/product","status":502,"statusText":"Bad Gateway","headers":[{"name":"Date","value":"Thu, 29 Jan 2026 07:23:32 GMT"},{"name":"Content-Type","value":"text/html; charset=UTF-8"},{"name":"Content-Length","value":"6442"},{"name":"Connection","value":"keep-alive"},{"name":"Cache-Control","value":"private, max-age=0, no-store, no-cache, must-revalidate, post-check=0, pre-check=0"},{"name":"Expires","value":"Thu, 01 Jan 1970 00:00:01 GMT"},{"name":"Referrer-Policy","value":"same-origin"},{"name":"X-Frame-Options","value":"SAMEORIGIN"},{"name":"Server","value":"cloudflare"},{"name":"CF-RAY","value":"9c56fc15ff6bbf08-YYC"},{"name":"alt-svc","value":"h3=\":443\"; ma=86400"}],"fetchUid":"a7c9facf96726a5e656c611c6608a7da"}}}
